app/build/intermediates/manifest_merge_blame_file/debug/processDebugMainManifest/manifest-merger-blame-debug-report.txt
1<?xml version="1.0" encoding="utf-8"?>
2<manifest xmlns:android="http://schemas.android.com/apk/res/android"
3    package="com.example.moodtunes"
4    android:versionCode="1"
5    android:versionName="1.0" >
6
7    <uses-sdk
8        android:minSdkVersion="23"
9        android:targetSdkVersion="34" />
10
11    <uses-permission android:name="android.permission.FOREGROUND_SERVICE" />
11-->src\main\AndroidManifest.xml:5:5-77
11-->src\main\AndroidManifest.xml:5:22-74
12    <uses-permission android:name="android.permission.INTERNET" />
12-->[com.google.firebase:firebase-auth:22.3.1] AndroidManifest.xml:25:5-67
12-->[com.google.firebase:firebase-auth:22.3.1] AndroidManifest.xml:25:22-64
13    <uses-permission android:name="android.permission.ACCESS_NETWORK_STATE" />
13-->[com.google.firebase:firebase-auth:22.3.1] AndroidManifest.xml:26:5-79
13-->[com.google.firebase:firebase-auth:22.3.1] AndroidManifest.xml:26:22-76
14    <uses-permission android:name="android.permission.WAKE_LOCK" />
14-->[com.google.android.gms:play-services-measurement-api:21.5.1] AndroidManifest.xml:24:5-68
14-->[com.google.android.gms:play-services-measurement-api:21.5.1] AndroidManifest.xml:24:22-65
15    <uses-permission android:name="com.google.android.gms.permission.AD_ID" />
15-->[com.google.android.gms:play-services-measurement-api:21.5.1] AndroidManifest.xml:25:5-79
15-->[com.google.android.gms:play-services-measurement-api:21.5.1] AndroidManifest.xml:25:22-76
16    <uses-permission android:name="android.permission.ACCESS_ADSERVICES_ATTRIBUTION" />
16-->[com.google.android.gms:play-services-measurement-api:21.5.1] AndroidManifest.xml:26:5-88
16-->[com.google.android.gms:play-services-measurement-api:21.5.1] AndroidManifest.xml:26:22-85
17    <uses-permission android:name="android.permission.ACCESS_ADSERVICES_AD_ID" />
17-->[com.google.android.gms:play-services-measurement-api:21.5.1] AndroidManifest.xml:27:5-82
17-->[com.google.android.gms:play-services-measurement-api:21.5.1] AndroidManifest.xml:27:22-79
18    <uses-permission android:name="com.google.android.finsky.permission.BIND_GET_INSTALL_REFERRER_SERVICE" />
18-->[com.google.android.gms:play-services-measurement:21.5.1] AndroidManifest.xml:26:5-110
18-->[com.google.android.gms:play-services-measurement:21.5.1] AndroidManifest.xml:26:22-107
19    <uses-permission android:name="com.google.android.providers.gsf.permission.READ_GSERVICES" />
19-->[com.google.android.recaptcha:recaptcha:18.4.0] AndroidManifest.xml:9:5-98
19-->[com.google.android.recaptcha:recaptcha:18.4.0] AndroidManifest.xml:9:22-95
20
21    <permission
21-->[androidx.core:core:1.13.1] AndroidManifest.xml:22:5-24:47
22        android:name="com.example.moodtunes.DYNAMIC_RECEIVER_NOT_EXPORTED_PERMISSION"
22-->[androidx.core:core:1.13.1] AndroidManifest.xml:23:9-81
23        android:protectionLevel="signature" />
23-->[androidx.core:core:1.13.1] AndroidManifest.xml:24:9-44
24
25    <uses-permission android:name="com.example.moodtunes.DYNAMIC_RECEIVER_NOT_EXPORTED_PERMISSION" />
25-->[androidx.core:core:1.13.1] AndroidManifest.xml:26:5-97
25-->[androidx.core:core:1.13.1] AndroidManifest.xml:26:22-94
26
27    <application
27-->src\main\AndroidManifest.xml:7:5-23:19
28        android:allowBackup="true"
28-->src\main\AndroidManifest.xml:8:9-35
29        android:appComponentFactory="androidx.core.app.CoreComponentFactory"
29-->[androidx.core:core:1.13.1] AndroidManifest.xml:28:18-86
30        android:debuggable="true"
31        android:extractNativeLibs="false"
32        android:label="MoodTunes"
32-->src\main\AndroidManifest.xml:9:9-34
33        android:supportsRtl="true"
33-->src\main\AndroidManifest.xml:10:9-35
34        android:testOnly="true"
35        android:theme="@style/Theme.MoodTunes" >
35-->src\main\AndroidManifest.xml:11:9-47
36        <activity
36-->src\main\AndroidManifest.xml:12:9-18:20
37            android:name="com.example.moodtunes.SplashActivity"
37-->src\main\AndroidManifest.xml:12:19-49
38            android:exported="true" >
38-->src\main\AndroidManifest.xml:13:13-36
39            <intent-filter>
39-->src\main\AndroidManifest.xml:14:13-17:29
40                <action android:name="android.intent.action.MAIN" />
40-->src\main\AndroidManifest.xml:15:17-68
40-->src\main\AndroidManifest.xml:15:25-66
41
42                <category android:name="android.intent.category.LAUNCHER" />
42-->src\main\AndroidManifest.xml:16:17-76
42-->src\main\AndroidManifest.xml:16:27-74
43            </intent-filter>
44        </activity>
45        <activity
45-->src\main\AndroidManifest.xml:19:9-20:39
46            android:name="com.example.moodtunes.LoginActivity"
46-->src\main\AndroidManifest.xml:19:19-48
47            android:exported="true" />
47-->src\main\AndroidManifest.xml:20:13-36
48        <activity
48-->src\main\AndroidManifest.xml:21:9-76
49            android:name="com.example.moodtunes.SignupActivity"
49-->src\main\AndroidManifest.xml:21:19-49
50            android:exported="true" />
50-->src\main\AndroidManifest.xml:21:50-73
51        <activity
51-->src\main\AndroidManifest.xml:22:9-74
52            android:name="com.example.moodtunes.MainActivity"
52-->src\main\AndroidManifest.xml:22:19-47
53            android:exported="true" />
53-->src\main\AndroidManifest.xml:22:48-71
54
55        <provider
55-->[androidx.emoji2:emoji2:1.3.0] AndroidManifest.xml:24:9-32:20
56            android:name="androidx.startup.InitializationProvider"
56-->[androidx.emoji2:emoji2:1.3.0] AndroidManifest.xml:25:13-67
57            android:authorities="com.example.moodtunes.androidx-startup"
57-->[androidx.emoji2:emoji2:1.3.0] AndroidManifest.xml:26:13-68
58            android:exported="false" >
58-->[androidx.emoji2:emoji2:1.3.0] AndroidManifest.xml:27:13-37
59            <meta-data
59-->[androidx.emoji2:emoji2:1.3.0] AndroidManifest.xml:29:13-31:52
60                android:name="androidx.emoji2.text.EmojiCompatInitializer"
60-->[androidx.emoji2:emoji2:1.3.0] AndroidManifest.xml:30:17-75
61                android:value="androidx.startup" />
61-->[androidx.emoji2:emoji2:1.3.0] AndroidManifest.xml:31:17-49
62            <meta-data
62-->[androidx.lifecycle:lifecycle-process:2.6.2] AndroidManifest.xml:29:13-31:52
63                android:name="androidx.lifecycle.ProcessLifecycleInitializer"
63-->[androidx.lifecycle:lifecycle-process:2.6.2] AndroidManifest.xml:30:17-78
64                android:value="androidx.startup" />
64-->[androidx.lifecycle:lifecycle-process:2.6.2] AndroidManifest.xml:31:17-49
65            <meta-data
65-->[androidx.profileinstaller:profileinstaller:1.4.0] AndroidManifest.xml:29:13-31:52
66                android:name="androidx.profileinstaller.ProfileInstallerInitializer"
66-->[androidx.profileinstaller:profileinstaller:1.4.0] AndroidManifest.xml:30:17-85
67                android:value="androidx.startup" />
67-->[androidx.profileinstaller:profileinstaller:1.4.0] AndroidManifest.xml:31:17-49
68        </provider>
69
70        <service
70-->[com.google.firebase:firebase-auth-ktx:22.3.1] AndroidManifest.xml:8:9-14:19
71            android:name="com.google.firebase.components.ComponentDiscoveryService"
71-->[com.google.firebase:firebase-auth-ktx:22.3.1] AndroidManifest.xml:9:13-84
72            android:directBootAware="true"
72-->[com.google.firebase:firebase-common:20.4.2] AndroidManifest.xml:32:13-43
73            android:exported="false" >
73-->[com.google.firebase:firebase-auth-ktx:22.3.1] AndroidManifest.xml:10:13-37
74            <meta-data
74-->[com.google.firebase:firebase-auth-ktx:22.3.1] AndroidManifest.xml:11:13-13:85
75                android:name="com.google.firebase.components:com.google.firebase.auth.ktx.FirebaseAuthLegacyRegistrar"
75-->[com.google.firebase:firebase-auth-ktx:22.3.1] AndroidManifest.xml:12:17-119
76                android:value="com.google.firebase.components.ComponentRegistrar" />
76-->[com.google.firebase:firebase-auth-ktx:22.3.1] AndroidManifest.xml:13:17-82
77            <meta-data
77-->[com.google.firebase:firebase-auth:22.3.1] AndroidManifest.xml:69:13-71:85
78                android:name="com.google.firebase.components:com.google.firebase.auth.FirebaseAuthRegistrar"
78-->[com.google.firebase:firebase-auth:22.3.1] AndroidManifest.xml:70:17-109
79                android:value="com.google.firebase.components.ComponentRegistrar" />
79-->[com.google.firebase:firebase-auth:22.3.1] AndroidManifest.xml:71:17-82
80            <meta-data
80-->[com.google.firebase:firebase-analytics-ktx:21.5.1] AndroidManifest.xml:11:13-13:85
81                android:name="com.google.firebase.components:com.google.firebase.analytics.ktx.FirebaseAnalyticsLegacyRegistrar"
81-->[com.google.firebase:firebase-analytics-ktx:21.5.1] AndroidManifest.xml:12:17-129
82                android:value="com.google.firebase.components.ComponentRegistrar" />
82-->[com.google.firebase:firebase-analytics-ktx:21.5.1] AndroidManifest.xml:13:17-82
83            <meta-data
83-->[com.google.firebase:firebase-database-ktx:20.3.0] AndroidManifest.xml:12:13-14:85
84                android:name="com.google.firebase.components:com.google.firebase.database.ktx.FirebaseDatabaseLegacyRegistrar"
84-->[com.google.firebase:firebase-database-ktx:20.3.0] AndroidManifest.xml:13:17-127
85                android:value="com.google.firebase.components.ComponentRegistrar" />
85-->[com.google.firebase:firebase-database-ktx:20.3.0] AndroidManifest.xml:14:17-82
86            <meta-data
86-->[com.google.firebase:firebase-database:20.3.0] AndroidManifest.xml:29:13-31:85
87                android:name="com.google.firebase.components:com.google.firebase.database.FirebaseDatabaseKtxRegistrar"
87-->[com.google.firebase:firebase-database:20.3.0] AndroidManifest.xml:30:17-120
88                android:value="com.google.firebase.components.ComponentRegistrar" />
88-->[com.google.firebase:firebase-database:20.3.0] AndroidManifest.xml:31:17-82
89            <meta-data
89-->[com.google.firebase:firebase-database:20.3.0] AndroidManifest.xml:32:13-34:85
90                android:name="com.google.firebase.components:com.google.firebase.database.DatabaseRegistrar"
90-->[com.google.firebase:firebase-database:20.3.0] AndroidManifest.xml:33:17-109
91                android:value="com.google.firebase.components.ComponentRegistrar" />
91-->[com.google.firebase:firebase-database:20.3.0] AndroidManifest.xml:34:17-82
92            <meta-data
92-->[com.google.android.gms:play-services-measurement-api:21.5.1] AndroidManifest.xml:37:13-39:85
93                android:name="com.google.firebase.components:com.google.firebase.analytics.connector.internal.AnalyticsConnectorRegistrar"
93-->[com.google.android.gms:play-services-measurement-api:21.5.1] AndroidManifest.xml:38:17-139
94                android:value="com.google.firebase.components.ComponentRegistrar" />
94-->[com.google.android.gms:play-services-measurement-api:21.5.1] AndroidManifest.xml:39:17-82
95            <meta-data
95-->[com.google.firebase:firebase-installations:17.2.0] AndroidManifest.xml:15:13-17:85
96                android:name="com.google.firebase.components:com.google.firebase.installations.FirebaseInstallationsKtxRegistrar"
96-->[com.google.firebase:firebase-installations:17.2.0] AndroidManifest.xml:16:17-130
97                android:value="com.google.firebase.components.ComponentRegistrar" />
97-->[com.google.firebase:firebase-installations:17.2.0] AndroidManifest.xml:17:17-82
98            <meta-data
98-->[com.google.firebase:firebase-installations:17.2.0] AndroidManifest.xml:18:13-20:85
99                android:name="com.google.firebase.components:com.google.firebase.installations.FirebaseInstallationsRegistrar"
99-->[com.google.firebase:firebase-installations:17.2.0] AndroidManifest.xml:19:17-127
100                android:value="com.google.firebase.components.ComponentRegistrar" />
100-->[com.google.firebase:firebase-installations:17.2.0] AndroidManifest.xml:20:17-82
101            <meta-data
101-->[com.google.firebase:firebase-common-ktx:20.4.2] AndroidManifest.xml:12:13-14:85
102                android:name="com.google.firebase.components:com.google.firebase.ktx.FirebaseCommonLegacyRegistrar"
102-->[com.google.firebase:firebase-common-ktx:20.4.2] AndroidManifest.xml:13:17-116
103                android:value="com.google.firebase.components.ComponentRegistrar" />
103-->[com.google.firebase:firebase-common-ktx:20.4.2] AndroidManifest.xml:14:17-82
104            <meta-data
104-->[com.google.firebase:firebase-common:20.4.2] AndroidManifest.xml:35:13-37:85
105                android:name="com.google.firebase.components:com.google.firebase.FirebaseCommonKtxRegistrar"
105-->[com.google.firebase:firebase-common:20.4.2] AndroidManifest.xml:36:17-109
106                android:value="com.google.firebase.components.ComponentRegistrar" />
106-->[com.google.firebase:firebase-common:20.4.2] AndroidManifest.xml:37:17-82
107        </service>
108
109        <activity
109-->[com.google.firebase:firebase-auth:22.3.1] AndroidManifest.xml:29:9-46:20
110            android:name="com.google.firebase.auth.internal.GenericIdpActivity"
110-->[com.google.firebase:firebase-auth:22.3.1] AndroidManifest.xml:30:13-80
111            android:excludeFromRecents="true"
111-->[com.google.firebase:firebase-auth:22.3.1] AndroidManifest.xml:31:13-46
112            android:exported="true"
112-->[com.google.firebase:firebase-auth:22.3.1] AndroidManifest.xml:32:13-36
113            android:launchMode="singleTask"
113-->[com.google.firebase:firebase-auth:22.3.1] AndroidManifest.xml:33:13-44
114            android:theme="@android:style/Theme.Translucent.NoTitleBar" >
114-->[com.google.firebase:firebase-auth:22.3.1] AndroidManifest.xml:34:13-72
115            <intent-filter>
115-->[com.google.firebase:firebase-auth:22.3.1] AndroidManifest.xml:35:13-45:29
116                <action android:name="android.intent.action.VIEW" />
116-->[com.google.firebase:firebase-auth:22.3.1] AndroidManifest.xml:36:17-69
116-->[com.google.firebase:firebase-auth:22.3.1] AndroidManifest.xml:36:25-66
117
118                <category android:name="android.intent.category.DEFAULT" />
118-->[com.google.firebase:firebase-auth:22.3.1] AndroidManifest.xml:38:17-76
118-->[com.google.firebase:firebase-auth:22.3.1] AndroidManifest.xml:38:27-73
119                <category android:name="android.intent.category.BROWSABLE" />
119-->[com.google.firebase:firebase-auth:22.3.1] AndroidManifest.xml:39:17-78
119-->[com.google.firebase:firebase-auth:22.3.1] AndroidManifest.xml:39:27-75
120
121                <data
121-->[com.google.firebase:firebase-auth:22.3.1] AndroidManifest.xml:41:17-44:51
122                    android:host="firebase.auth"
122-->[com.google.firebase:firebase-auth:22.3.1] AndroidManifest.xml:42:21-49
123                    android:path="/"
123-->[com.google.firebase:firebase-auth:22.3.1] AndroidManifest.xml:43:21-37
124                    android:scheme="genericidp" />
124-->[com.google.firebase:firebase-auth:22.3.1] AndroidManifest.xml:44:21-48
125            </intent-filter>
126        </activity>
127        <activity
127-->[com.google.firebase:firebase-auth:22.3.1] AndroidManifest.xml:47:9-64:20
128            android:name="com.google.firebase.auth.internal.RecaptchaActivity"
128-->[com.google.firebase:firebase-auth:22.3.1] AndroidManifest.xml:48:13-79
129            android:excludeFromRecents="true"
129-->[com.google.firebase:firebase-auth:22.3.1] AndroidManifest.xml:49:13-46
130            android:exported="true"
130-->[com.google.firebase:firebase-auth:22.3.1] AndroidManifest.xml:50:13-36
131            android:launchMode="singleTask"
131-->[com.google.firebase:firebase-auth:22.3.1] AndroidManifest.xml:51:13-44
132            android:theme="@android:style/Theme.Translucent.NoTitleBar" >
132-->[com.google.firebase:firebase-auth:22.3.1] AndroidManifest.xml:52:13-72
133            <intent-filter>
133-->[com.google.firebase:firebase-auth:22.3.1] AndroidManifest.xml:53:13-63:29
134                <action android:name="android.intent.action.VIEW" />
134-->[com.google.firebase:firebase-auth:22.3.1] AndroidManifest.xml:36:17-69
134-->[com.google.firebase:firebase-auth:22.3.1] AndroidManifest.xml:36:25-66
135
136                <category android:name="android.intent.category.DEFAULT" />
136-->[com.google.firebase:firebase-auth:22.3.1] AndroidManifest.xml:38:17-76
136-->[com.google.firebase:firebase-auth:22.3.1] AndroidManifest.xml:38:27-73
137                <category android:name="android.intent.category.BROWSABLE" />
137-->[com.google.firebase:firebase-auth:22.3.1] AndroidManifest.xml:39:17-78
137-->[com.google.firebase:firebase-auth:22.3.1] AndroidManifest.xml:39:27-75
138
139                <data
139-->[com.google.firebase:firebase-auth:22.3.1] AndroidManifest.xml:41:17-44:51
140                    android:host="firebase.auth"
140-->[com.google.firebase:firebase-auth:22.3.1] AndroidManifest.xml:42:21-49
141                    android:path="/"
141-->[com.google.firebase:firebase-auth:22.3.1] AndroidManifest.xml:43:21-37
142                    android:scheme="recaptcha" />
142-->[com.google.firebase:firebase-auth:22.3.1] AndroidManifest.xml:44:21-48
143            </intent-filter>
144        </activity>
145
146        <property
146-->[com.google.android.gms:play-services-measurement-api:21.5.1] AndroidManifest.xml:30:9-32:61
147            android:name="android.adservices.AD_SERVICES_CONFIG"
147-->[com.google.android.gms:play-services-measurement-api:21.5.1] AndroidManifest.xml:31:13-65
148            android:resource="@xml/ga_ad_services_config" />
148-->[com.google.android.gms:play-services-measurement-api:21.5.1] AndroidManifest.xml:32:13-58
149
150        <provider
150-->[com.google.firebase:firebase-common:20.4.2] AndroidManifest.xml:23:9-28:39
151            android:name="com.google.firebase.provider.FirebaseInitProvider"
151-->[com.google.firebase:firebase-common:20.4.2] AndroidManifest.xml:24:13-77
152            android:authorities="com.example.moodtunes.firebaseinitprovider"
152-->[com.google.firebase:firebase-common:20.4.2] AndroidManifest.xml:25:13-72
153            android:directBootAware="true"
153-->[com.google.firebase:firebase-common:20.4.2] AndroidManifest.xml:26:13-43
154            android:exported="false"
154-->[com.google.firebase:firebase-common:20.4.2] AndroidManifest.xml:27:13-37
155            android:initOrder="100" />
155-->[com.google.firebase:firebase-common:20.4.2] AndroidManifest.xml:28:13-36
156
157        <receiver
157-->[com.google.android.gms:play-services-measurement:21.5.1] AndroidManifest.xml:29:9-33:20
158            android:name="com.google.android.gms.measurement.AppMeasurementReceiver"
158-->[com.google.android.gms:play-services-measurement:21.5.1] AndroidManifest.xml:30:13-85
159            android:enabled="true"
159-->[com.google.android.gms:play-services-measurement:21.5.1] AndroidManifest.xml:31:13-35
160            android:exported="false" >
160-->[com.google.android.gms:play-services-measurement:21.5.1] AndroidManifest.xml:32:13-37
161        </receiver>
162
163        <service
163-->[com.google.android.gms:play-services-measurement:21.5.1] AndroidManifest.xml:35:9-38:40
164            android:name="com.google.android.gms.measurement.AppMeasurementService"
164-->[com.google.android.gms:play-services-measurement:21.5.1] AndroidManifest.xml:36:13-84
165            android:enabled="true"
165-->[com.google.android.gms:play-services-measurement:21.5.1] AndroidManifest.xml:37:13-35
166            android:exported="false" />
166-->[com.google.android.gms:play-services-measurement:21.5.1] AndroidManifest.xml:38:13-37
167        <service
167-->[com.google.android.gms:play-services-measurement:21.5.1] AndroidManifest.xml:39:9-43:72
168            android:name="com.google.android.gms.measurement.AppMeasurementJobService"
168-->[com.google.android.gms:play-services-measurement:21.5.1] AndroidManifest.xml:40:13-87
169            android:enabled="true"
169-->[com.google.android.gms:play-services-measurement:21.5.1] AndroidManifest.xml:41:13-35
170            android:exported="false"
170-->[com.google.android.gms:play-services-measurement:21.5.1] AndroidManifest.xml:42:13-37
171            android:permission="android.permission.BIND_JOB_SERVICE" />
171-->[com.google.android.gms:play-services-measurement:21.5.1] AndroidManifest.xml:43:13-69
172
173        <activity
173-->[com.google.android.gms:play-services-base:18.1.0] AndroidManifest.xml:20:9-22:45
174            android:name="com.google.android.gms.common.api.GoogleApiActivity"
174-->[com.google.android.gms:play-services-base:18.1.0] AndroidManifest.xml:20:19-85
175            android:exported="false"
175-->[com.google.android.gms:play-services-base:18.1.0] AndroidManifest.xml:22:19-43
176            android:theme="@android:style/Theme.Translucent.NoTitleBar" />
176-->[com.google.android.gms:play-services-base:18.1.0] AndroidManifest.xml:21:19-78
177
178        <uses-library
178-->[androidx.privacysandbox.ads:ads-adservices:1.0.0-beta05] AndroidManifest.xml:23:9-25:40
179            android:name="android.ext.adservices"
179-->[androidx.privacysandbox.ads:ads-adservices:1.0.0-beta05] AndroidManifest.xml:24:13-50
180            android:required="false" />
180-->[androidx.privacysandbox.ads:ads-adservices:1.0.0-beta05] AndroidManifest.xml:25:13-37
181
182        <meta-data
182-->[com.google.android.gms:play-services-basement:18.1.0] AndroidManifest.xml:21:9-23:69
183            android:name="com.google.android.gms.version"
183-->[com.google.android.gms:play-services-basement:18.1.0] AndroidManifest.xml:22:13-58
184            android:value="@integer/google_play_services_version" />
184-->[com.google.android.gms:play-services-basement:18.1.0] AndroidManifest.xml:23:13-66
185
186        <receiver
186-->[androidx.profileinstaller:profileinstaller:1.4.0] AndroidManifest.xml:34:9-52:20
187            android:name="androidx.profileinstaller.ProfileInstallReceiver"
187-->[androidx.profileinstaller:profileinstaller:1.4.0] AndroidManifest.xml:35:13-76
188            android:directBootAware="false"
188-->[androidx.profileinstaller:profileinstaller:1.4.0] AndroidManifest.xml:36:13-44
189            android:enabled="true"
189-->[androidx.profileinstaller:profileinstaller:1.4.0] AndroidManifest.xml:37:13-35
190            android:exported="true"
190-->[androidx.profileinstaller:profileinstaller:1.4.0] AndroidManifest.xml:38:13-36
191            android:permission="android.permission.DUMP" >
191-->[androidx.profileinstaller:profileinstaller:1.4.0] AndroidManifest.xml:39:13-57
192            <intent-filter>
192-->[androidx.profileinstaller:profileinstaller:1.4.0] AndroidManifest.xml:40:13-42:29
193                <action android:name="androidx.profileinstaller.action.INSTALL_PROFILE" />
193-->[androidx.profileinstaller:profileinstaller:1.4.0] AndroidManifest.xml:41:17-91
193-->[androidx.profileinstaller:profileinstaller:1.4.0] AndroidManifest.xml:41:25-88
194            </intent-filter>
195            <intent-filter>
195-->[androidx.profileinstaller:profileinstaller:1.4.0] AndroidManifest.xml:43:13-45:29
196                <action android:name="androidx.profileinstaller.action.SKIP_FILE" />
196-->[androidx.profileinstaller:profileinstaller:1.4.0] AndroidManifest.xml:44:17-85
196-->[androidx.profileinstaller:profileinstaller:1.4.0] AndroidManifest.xml:44:25-82
197            </intent-filter>
198            <intent-filter>
198-->[androidx.profileinstaller:profileinstaller:1.4.0] AndroidManifest.xml:46:13-48:29
199                <action android:name="androidx.profileinstaller.action.SAVE_PROFILE" />
199-->[androidx.profileinstaller:profileinstaller:1.4.0] AndroidManifest.xml:47:17-88
199-->[androidx.profileinstaller:profileinstaller:1.4.0] AndroidManifest.xml:47:25-85
200            </intent-filter>
201            <intent-filter>
201-->[androidx.profileinstaller:profileinstaller:1.4.0] AndroidManifest.xml:49:13-51:29
202                <action android:name="androidx.profileinstaller.action.BENCHMARK_OPERATION" />
202-->[androidx.profileinstaller:profileinstaller:1.4.0] AndroidManifest.xml:50:17-95
202-->[androidx.profileinstaller:profileinstaller:1.4.0] AndroidManifest.xml:50:25-92
203            </intent-filter>
204        </receiver>
205    </application>
206
207</manifest>